[2026-06-01 00:51:28] 🚀 Starting GoLogin profile: 6a1c9058c0db517078d85bee
[2026-06-01 00:51:53] ✅ Cookies injected successfully
[2026-06-01 00:52:01] Navigating to https://www.pornhub.com/model/sabrina-cortez
[2026-06-01 00:52:10] Emulating human browsing for 6.3 seconds (scrolling)...
[2026-06-01 00:52:20] ✅ Clicked message button
[2026-06-01 00:52:20] Typing message: Hey there, hope all is well wi...
[2026-06-01 00:53:19] ✅ Message sent via Send button!
[2026-06-01 00:53:19] Waiting 6.8s before next profile...
[2026-06-01 00:53:26] Navigating to https://www.pornhub.com/model/sugary-kitty
[2026-06-01 00:53:33] Emulating human browsing for 8.1 seconds (scrolling)...
[2026-06-01 00:53:44] ✅ Clicked message button
[2026-06-01 00:53:44] Typing message: Hello, hope all is well with y...
[2026-06-01 00:54:32] ✅ Message sent via Send button!
[2026-06-01 00:54:32] Waiting 8.0s before next profile...
[2026-06-01 00:54:40] 🔄 Reached max DMs (2) for current GoLogin profile.
[2026-06-01 00:54:45] 🚀 Switching to next GoLogin profile: 6a1c91240657cc85a80d2892
[2026-06-01 00:55:13] ✅ Cookies injected successfully
[2026-06-01 00:55:20] Navigating to https://www.pornhub.com/model/roko-hentai-jp
[2026-06-01 00:55:23] Emulating human browsing for 8.7 seconds (scrolling)...
[2026-06-01 00:55:36] ✅ Clicked message button
[2026-06-01 00:55:36] Typing message: Hello, hope all is well with y...
[2026-06-01 00:56:29] ✅ Message sent via Send button!
[2026-06-01 00:56:29] Waiting 9.1s before next profile...
[2026-06-01 00:56:38] Navigating to https://www.pornhub.com/model/sarahstar2020
[2026-06-01 00:56:41] Emulating human browsing for 7.3 seconds (scrolling)...
[2026-06-01 00:56:51] ✅ Clicked message button
[2026-06-01 00:56:51] Typing message: Hello, I hope you're doing gre...
[2026-06-01 00:57:41] ✅ Message sent via Send button!
[2026-06-01 00:57:41] Waiting 6.8s before next profile...
[2026-06-01 00:57:48] ✅ All profiles completed.
